mode: set
server/engine/engine.go:14.29,20.43 3 0
server/engine/engine.go:117.2,118.27 2 0
server/engine/engine.go:20.43,24.28 3 0
server/engine/engine.go:30.3,31.35 2 0
server/engine/engine.go:34.3,39.43 3 0
server/engine/engine.go:61.3,66.34 4 0
server/engine/engine.go:113.3,113.23 1 0
server/engine/engine.go:24.28,27.9 2 0
server/engine/engine.go:31.35,33.4 1 0
server/engine/engine.go:39.43,42.34 2 0
server/engine/engine.go:58.4,58.51 1 0
server/engine/engine.go:43.23,45.71 1 0
server/engine/engine.go:46.12,48.71 1 0
server/engine/engine.go:49.23,54.73 3 0
server/engine/engine.go:55.25,56.13 1 0
server/engine/engine.go:66.34,70.48 3 0
server/engine/engine.go:79.4,79.39 1 0
server/engine/engine.go:84.4,84.48 1 0
server/engine/engine.go:92.4,92.23 1 0
server/engine/engine.go:70.48,71.123 1 0
server/engine/engine.go:71.123,76.11 5 0
server/engine/engine.go:79.39,81.10 2 0
server/engine/engine.go:84.48,86.64 1 0
server/engine/engine.go:86.64,89.6 2 0
server/engine/engine.go:92.23,98.49 4 0
server/engine/engine.go:105.5,105.24 1 0
server/engine/engine.go:98.49,99.71 1 0
server/engine/engine.go:99.71,102.12 3 0
server/engine/engine.go:105.24,107.11 2 0
server/engine/engine.go:113.23,115.4 1 0
server/engine/engine.go:121.42,123.33 1 0
server/engine/engine.go:133.2,133.20 1 0
server/engine/engine.go:123.33,127.10 3 0
server/engine/engine.go:128.31,128.31 0 0
server/engine/engine.go:129.32,129.32 0 0
server/engine/engine.go:136.46,138.2 1 0
server/engine/engine.go:140.75,145.15 4 0
server/engine/engine.go:148.2,148.24 1 0
server/engine/engine.go:145.15,147.3 1 0
server/engine/engine.go:151.110,159.2 5 0
server/engine/engine.go:161.101,164.2 2 0
server/engine/engine.go:166.97,176.42 8 0
server/engine/engine.go:176.42,177.10 1 0
server/engine/engine.go:178.32,180.24 2 0
server/engine/engine.go:181.22,185.24 4 0
server/engine/engine.go:186.19,189.47 3 0
server/engine/engine.go:189.47,192.5 2 0
server/engine/engine.go:197.103,202.70 3 0
server/engine/engine.go:206.2,212.31 5 0
server/engine/engine.go:217.2,221.16 3 0
server/engine/engine.go:231.2,235.16 3 0
server/engine/engine.go:238.2,239.72 2 0
server/engine/engine.go:244.2,245.16 2 0
server/engine/engine.go:259.2,265.43 4 0
server/engine/engine.go:202.70,204.3 1 0
server/engine/engine.go:212.31,213.25 1 0
server/engine/engine.go:213.25,215.4 1 0
server/engine/engine.go:221.16,222.30 1 0
server/engine/engine.go:226.3,229.9 4 0
server/engine/engine.go:222.30,225.4 2 0
server/engine/engine.go:235.16,237.3 1 0
server/engine/engine.go:239.72,241.3 1 0
server/engine/engine.go:245.16,246.30 1 0
server/engine/engine.go:250.3,252.30 3 0
server/engine/engine.go:255.3,257.9 3 0
server/engine/engine.go:246.30,249.4 2 0
server/engine/engine.go:252.30,254.4 1 0
server/engine/resolver.go:26.66,34.2 1 1
server/engine/resolver.go:36.127,37.31 1 1
server/engine/resolver.go:37.31,40.26 2 1
server/engine/resolver.go:46.3,47.23 2 1
server/engine/resolver.go:40.26,42.12 2 1
server/engine/resolver.go:47.23,49.4 1 1
server/engine/resolver.go:53.137,54.31 1 1
server/engine/resolver.go:64.2,64.12 1 1
server/engine/resolver.go:54.31,58.47 2 1
server/engine/resolver.go:58.47,59.93 1 1
server/engine/resolver.go:59.93,61.5 1 0
server/engine/resolver.go:89.100,94.44 4 1
server/engine/resolver.go:101.2,101.22 1 1
server/engine/resolver.go:94.44,97.31 2 1
server/engine/resolver.go:97.31,99.4 1 1
server/engine/resolver.go:104.127,105.34 1 1
server/engine/resolver.go:105.34,107.23 1 1
server/engine/resolver.go:107.23,110.9 3 1
server/engine/resolver.go:115.97,118.26 3 1
server/engine/resolver.go:132.2,132.19 1 1
server/engine/resolver.go:118.26,120.26 2 1
server/engine/resolver.go:120.26,123.40 3 1
server/engine/resolver.go:123.40,126.33 2 1
server/engine/resolver.go:126.33,128.6 1 1
server/engine/resolver.go:135.168,136.34 1 1
server/engine/resolver.go:136.34,138.23 1 1
server/engine/resolver.go:138.23,142.9 4 1
server/engine/resolver.go:147.113,152.24 5 1
server/engine/resolver.go:159.2,159.35 1 1
server/engine/resolver.go:152.24,154.32 2 1
server/engine/resolver.go:154.32,157.4 2 1
server/engine/resolver.go:162.160,164.28 2 1
server/engine/resolver.go:175.2,175.12 1 1
server/engine/resolver.go:164.28,166.19 2 1
server/engine/resolver.go:166.19,169.4 2 1
server/engine/resolver.go:169.9,171.4 1 0
server/engine/resolver.go:172.8,174.3 1 0
server/engine/starter.go:15.71,25.2 3 0
server/engine/starter.go:27.36,32.29 3 0
server/engine/starter.go:69.2,69.31 1 0
server/engine/starter.go:88.2,89.81 2 0
server/engine/starter.go:32.29,37.17 4 0
server/engine/starter.go:40.3,41.52 2 0
server/engine/starter.go:60.3,60.20 1 0
server/engine/starter.go:64.3,64.95 1 0
server/engine/starter.go:37.17,39.4 1 0
server/engine/starter.go:41.52,42.47 1 0
server/engine/starter.go:42.47,44.19 2 0
server/engine/starter.go:47.5,48.19 2 0
server/engine/starter.go:51.5,57.16 2 0
server/engine/starter.go:44.19,46.6 1 0
server/engine/starter.go:48.19,50.6 1 0
server/engine/starter.go:60.20,63.4 2 0
server/engine/starter.go:65.8,67.3 1 0
server/engine/starter.go:69.31,73.101 3 0
server/engine/starter.go:76.3,82.96 4 0
server/engine/starter.go:73.101,75.4 1 0
server/engine/starter.go:83.8,85.3 1 0
server/handler/executions.go:12.76,16.24 4 0
server/handler/executions.go:19.2,20.43 2 0
server/handler/executions.go:16.24,18.3 1 0
server/handler/executions.go:23.72,28.22 4 0
server/handler/executions.go:31.2,31.42 1 0
server/handler/executions.go:28.22,30.3 1 0
server/handler/executions.go:34.105,36.55 2 0
server/handler/executions.go:40.2,40.19 1 0
server/handler/executions.go:36.55,39.3 2 0
server/handler/executions.go:43.67,48.22 4 0
server/handler/executions.go:51.2,53.14 3 0
server/handler/executions.go:48.22,50.3 1 0
server/handler/steps.go:12.71,16.2 3 1
server/handler/steps.go:18.67,23.17 4 0
server/handler/steps.go:26.2,26.37 1 0
server/handler/steps.go:23.17,25.3 1 0
server/handler/steps.go:29.95,31.72 2 0
server/handler/steps.go:35.2,35.14 1 0
server/handler/steps.go:31.72,34.3 2 0
server/handler/actions.go:15.75,17.59 2 0
server/handler/actions.go:21.2,22.16 2 0
server/handler/actions.go:27.2,28.16 2 0
server/handler/actions.go:33.2,33.14 1 0
server/handler/actions.go:17.59,20.3 2 0
server/handler/actions.go:22.16,26.3 3 0
server/handler/actions.go:28.16,32.3 3 0
server/handler/actions.go:36.69,38.59 2 0
server/handler/actions.go:42.2,44.40 3 0
server/handler/actions.go:38.59,41.3 2 0
server/handler/basicauth.go:12.56,13.71 1 1
server/handler/basicauth.go:13.71,16.9 2 0
server/handler/basicauth.go:31.3,32.39 2 0
server/handler/basicauth.go:16.9,26.38 7 0
server/handler/basicauth.go:26.38,29.5 2 0
server/handler/common.go:10.74,12.16 2 1
server/handler/common.go:20.2,23.16 4 1
server/handler/common.go:12.16,15.17 3 0
server/handler/common.go:18.3,18.9 1 0
server/handler/common.go:15.17,17.4 1 0
server/handler/common.go:23.16,25.3 1 0
server/handler/common.go:28.68,30.2 1 0
server/handler/common.go:32.39,34.2 1 0
